Thu 28 Mar 2024 07:15:56 PM UTC: 
 list.c | 1 +
 1 file changed, 1 insertion(+)
In file included from test.c:5:
list.c: In function ‘createList’:
list.c:32:11: error: unused variable ‘lista’ [-Werror=unused-variable]
   32 |    List * lista = (List *)malloc(sizeof(List));
      |           ^~~~~
cc1: all warnings being treated as errors
Compilation failed
d0cb38c
Thu 28 Mar 2024 07:16:04 PM UTC: 
 list.c | 2 +-
 1 file changed, 1 insertion(+), 1 deletion(-)
 tests:  1|5
total_score: 10/70
e2a94a6
Thu 28 Mar 2024 07:18:24 PM UTC: 
 list.c | 2 +-
 1 file changed, 1 insertion(+), 1 deletion(-)
 tests:  0|0
61a3346
Thu 28 Mar 2024 07:19:33 PM UTC: 
 list.c | 1 +
 1 file changed, 1 insertion(+)
 tests:  0|0
cb5b0a5
Thu 28 Mar 2024 07:20:55 PM UTC: 
 list.c | 2 +-
 1 file changed, 1 insertion(+), 1 deletion(-)
 tests:  0|0
2530c53
Thu 28 Mar 2024 07:21:35 PM UTC: 
 list.c | 2 +-
 1 file changed, 1 insertion(+), 1 deletion(-)
 tests:  0|0
43125a6
Thu 28 Mar 2024 07:22:50 PM UTC: 
 list.c | 3 ++-
 1 file changed, 2 insertions(+), 1 deletion(-)
 tests:  0|0
dd34d60
Thu 28 Mar 2024 07:23:17 PM UTC: 
 list.c | 2 +-
 1 file changed, 1 insertion(+), 1 deletion(-)
In file included from test.c:5:
list.c: In function ‘firstList’:
list.c:39:10: error: dereferencing ‘void *’ pointer [-Werror]
   39 |   return *dato;
      |          ^~~~~
list.c:39:10: error: void value not ignored as it ought to be
list.c:40:1: error: control reaches end of non-void function [-Werror=return-type]
   40 | }
      | ^
cc1: all warnings being treated as errors
Compilation failed
e0d5300
Thu 28 Mar 2024 07:24:41 PM UTC: 
 list.c | 2 ++
 1 file changed, 2 insertions(+)
In file included from test.c:5:
list.c: In function ‘createList’:
list.c:33:8: error: ‘lista’ is a pointer; did you mean to use ‘->’?
   33 |   lista.head = NULL;
      |        ^
      |        ->
list.c: In function ‘firstList’:
list.c:41:10: error: dereferencing ‘void *’ pointer [-Werror]
   41 |   return *dato;
      |          ^~~~~
list.c:41:10: error: void value not ignored as it ought to be
list.c:42:1: error: control reaches end of non-void function [-Werror=return-type]
   42 | }
      | ^
cc1: all warnings being treated as errors
Compilation failed
23f381c
Thu 28 Mar 2024 07:24:49 PM UTC: 
 list.c | 2 +-
 1 file changed, 1 insertion(+), 1 deletion(-)
In file included from test.c:5:
list.c: In function ‘firstList’:
list.c:41:10: error: dereferencing ‘void *’ pointer [-Werror]
   41 |   return *dato;
      |          ^~~~~
list.c:41:10: error: void value not ignored as it ought to be
list.c:42:1: error: control reaches end of non-void function [-Werror=return-type]
   42 | }
      | ^
cc1: all warnings being treated as errors
Compilation failed
b73dfa1
Thu 28 Mar 2024 07:25:26 PM UTC: 
 list.c | 6 +++---
 1 file changed, 3 insertions(+), 3 deletions(-)
 tests:  1|5
total_score: 10/70
b5694c0
Thu 28 Mar 2024 07:26:43 PM UTC: 
 list.c | 4 ++--
 1 file changed, 2 insertions(+), 2 deletions(-)
 tests:  1|5
total_score: 10/70
623d696
Thu 28 Mar 2024 07:28:31 PM UTC: 
 list.c | 3 ++-
 1 file changed, 2 insertions(+), 1 deletion(-)
In file included from test.c:5:
list.c: In function ‘firstList’:
list.c:43:1: error: control reaches end of non-void function [-Werror=return-type]
   43 | }
      | ^
cc1: all warnings being treated as errors
Compilation failed
9cb48a4
Thu 28 Mar 2024 07:29:00 PM UTC: 
 list.c | 2 ++
 1 file changed, 2 insertions(+)
 tests:  2|5
total_score: 15/70
372bb42
Thu 28 Mar 2024 07:30:20 PM UTC: 
 list.c | 5 +++++
 1 file changed, 5 insertions(+)
 tests:  0|0
9c55810
Thu 28 Mar 2024 07:30:40 PM UTC: 
 list.c | 2 +-
 1 file changed, 1 insertion(+), 1 deletion(-)
 tests:  0|0
e9ae75e
Thu 28 Mar 2024 07:30:58 PM UTC: 
 list.c | 4 ++--
 1 file changed, 2 insertions(+), 2 deletions(-)
 tests:  2|5
total_score: 15/70
ca125c6
Thu 28 Mar 2024 07:31:50 PM UTC: 
 list.c | 6 +++---
 1 file changed, 3 insertions(+), 3 deletions(-)
 tests:  5|4
total_score: 25/70
ebe61eb
Thu 28 Mar 2024 07:33:32 PM UTC: 
 list.c | 4 ++++
 1 file changed, 4 insertions(+)
 tests:  6|4
total_score: 25/70
a0c846a
Thu 28 Mar 2024 07:34:29 PM UTC: 
 list.c | 4 ++++
 1 file changed, 4 insertions(+)
 tests:  0|0
1ce2a26
Thu 28 Mar 2024 07:35:35 PM UTC: 
 list.c | 2 +-
 1 file changed, 1 insertion(+), 1 deletion(-)
 tests:  0|0
24404a9
Thu 28 Mar 2024 07:36:02 PM UTC: 
 list.c | 3 ++-
 1 file changed, 2 insertions(+), 1 deletion(-)
In file included from test.c:5:
list.c: In function ‘prevList’:
list.c:65:3: error: expected declaration specifiers before ‘if’
   65 |   if (list->current != NULL)
      |   ^~
list.c:67:3: error: expected declaration specifiers before ‘if’
   67 |   if (list->current != NULL)
      |   ^~
list.c:69:3: error: expected declaration specifiers before ‘else’
   69 |   else
      |   ^~~~
list.c:71:1: error: expected declaration specifiers before ‘}’ token
   71 | }
      | ^
list.c:73:42: error: expected ‘=’, ‘,’, ‘;’, ‘asm’ or ‘__attribute__’ before ‘{’ token
   73 | void pushFront(List * list, void * data) {
      |                                          ^
list.c:76:41: error: expected ‘=’, ‘,’, ‘;’, ‘asm’ or ‘__attribute__’ before ‘{’ token
   76 | void pushBack(List * list, void * data) {
      |                                         ^
list.c:81:44: error: expected ‘=’, ‘,’, ‘;’, ‘asm’ or ‘__attribute__’ before ‘{’ token
   81 | void pushCurrent(List * list, void * data) {
      |                                            ^
list.c:84:30: error: expected ‘=’, ‘,’, ‘;’, ‘asm’ or ‘__attribute__’ before ‘{’ token
   84 | void * popFront(List * list) {
      |                              ^
list.c:89:29: error: expected ‘=’, ‘,’, ‘;’, ‘asm’ or ‘__attribute__’ before ‘{’ token
   89 | void * popBack(List * list) {
      |                             ^
list.c:94:32: error: expected ‘=’, ‘,’, ‘;’, ‘asm’ or ‘__attribute__’ before ‘{’ token
   94 | void * popCurrent(List * list) {
      |                                ^
list.c:98:29: error: expected ‘=’, ‘,’, ‘;’, ‘asm’ or ‘__attribute__’ before ‘{’ token
   98 | void cleanList(List * list) {
      |                             ^
test.c:9:1: error: parameter ‘test_id’ is initialized
    9 | int test_id = -1;
      | ^~~
test.c:12:14: error: expected ‘=’, ‘,’, ‘;’, ‘asm’ or ‘__attribute__’ before ‘{’ token
   12 | int success(){
      |              ^
test.c:17:24: error: expected ‘=’, ‘,’, ‘;’, ‘asm’ or ‘__attribute__’ before ‘{’ token
   17 | void err_msg(char* msg){
      |                        ^
test.c:24:23: error: expected ‘=’, ‘,’, ‘;’, ‘asm’ or ‘__attribute__’ before ‘{’ token
   24 | void ok_msg(char* msg){
      |                       ^
test.c:30:25: error: expected ‘=’, ‘,’, ‘;’, ‘asm’ or ‘__attribute__’ before ‘{’ token
   30 | void info_msg(char* msg){
      |                         ^
test.c:35:75: error: expected ‘=’, ‘,’, ‘;’, ‘asm’ or ‘__attribute__’ before ‘{’ token
   35 | int test_suite(int(*test)(), char* msg, int max_score, int id, int req_id){
      |                                                                           ^
test.c:51:26: error: expected ‘=’, ‘,’, ‘;’, ‘asm’ or ‘__attribute__’ before ‘{’ token
   51 | List* initialize_exList(){
      |                          ^
test.c:73:29: error: expected ‘=’, ‘,’, ‘;’, ‘asm’ or ‘__attribute__’ before ‘{’ token
   73 | List* initialize_emptyList(){
      |                             ^
test.c:83:18: error: expected ‘=’, ‘,’, ‘;’, ‘asm’ or ‘__attribute__’ before ‘{’ token
   83 | int test_create(){
      |                  ^
test.c:98:22: error: expected ‘=’, ‘,’, ‘;’, ‘asm’ or ‘__attribute__’ before ‘{’ token
   98 | int test_first_next(){
      |                      ^
test.c:171:21: error: expected ‘=’, ‘,’, ‘;’, ‘asm’ or ‘__attribute__’ before ‘{’ token
  171 | int test_last_prev(){
      |                     ^
test.c:233:21: error: expected ‘=’, ‘,’, ‘;’, ‘asm’ or ‘__attribute__’ before ‘{’ token
  233 | int test_pushfront(){
      |                     ^
test.c:298:23: error: expected ‘=’, ‘,’, ‘;’, ‘asm’ or ‘__attribute__’ before ‘{’ token
  298 | int test_pushcurrent(){
      |                       ^
test.c:357:22: error: expected ‘=’, ‘,’, ‘;’, ‘asm’ or ‘__attribute__’ before ‘{’ token
  357 | int test_popcurrent(){
      |                      ^
test.c:448:36: error: expected ‘=’, ‘,’, ‘;’, ‘asm’ or ‘__attribute__’ before ‘{’ token
  448 | int main( int argc, char *argv[] ) {
      |                                    ^
In file included from test.c:5:
list.c:64:8: error: old-style parameter declarations in prototyped function definition
   64 | void * prevList(List * list)
      |        ^~~~~~~~
test.c:469: error: expected ‘{’ at end of input
test.c:469: error: control reaches end of non-void function [-Werror=return-type]
cc1: all warnings being treated as errors
Compilation failed
2fc395f
Thu 28 Mar 2024 07:36:47 PM UTC: 
 list.c | 4 ++--
 1 file changed, 2 insertions(+), 2 deletions(-)
 tests:  0|0
18ffa26
Thu 28 Mar 2024 07:36:56 PM UTC: 
 list.c | 1 -
 1 file changed, 1 deletion(-)
 tests:  0|0
b74473b
Thu 28 Mar 2024 07:38:11 PM UTC: 
 list.c | 2 +-
 1 file changed, 1 insertion(+), 1 deletion(-)
 tests:  0|0
4000da8
Thu 28 Mar 2024 07:38:42 PM UTC: 
 list.c | 1 +
 1 file changed, 1 insertion(+)
 tests:  9|3
total_score: 35/70
6682f98
Thu 28 Mar 2024 07:38:51 PM UTC: 
 list.c | 2 +-
 1 file changed, 1 insertion(+), 1 deletion(-)
 tests:  9|3
total_score: 35/70
ce89911
Thu 28 Mar 2024 07:39:01 PM UTC: 
 list.c | 4 ++--
 1 file changed, 2 insertions(+), 2 deletions(-)
 tests:  9|3
total_score: 35/70
7929fd5
Thu 28 Mar 2024 07:39:12 PM UTC: 
 list.c | 1 -
 1 file changed, 1 deletion(-)
 tests:  9|3
total_score: 35/70
a8ff59c
Thu 28 Mar 2024 07:41:30 PM UTC: 
 list.c | 3 +++
 1 file changed, 3 insertions(+)
 tests:  0|0
4d9aeca
Thu 28 Mar 2024 07:43:08 PM UTC: 
 list.c | 2 ++
 1 file changed, 2 insertions(+)
 tests:  9|3
total_score: 35/70
c145ee8
Thu 28 Mar 2024 07:46:19 PM UTC: 
 list.c | 1 +
 1 file changed, 1 insertion(+)
 tests:  9|3
total_score: 35/70
1d91c22
Thu 28 Mar 2024 07:47:14 PM UTC: 
 list.c | 2 +-
 1 file changed, 1 insertion(+), 1 deletion(-)
 tests:  9|3
total_score: 35/70
884d1e5
